Performing C SOURCE FILE Test CMAKE_HAVE_LIBC_PTHREAD failed with the following output:
Change Dir: /home/eduardo/Documents/opengl_shits/learn2/arcball10/opengl_base/build/CMakeFiles/CMakeTmp

Run Build Command(s):/usr/bin/make cmTC_1a033/fast && /usr/bin/make  -f CMakeFiles/cmTC_1a033.dir/build.make CMakeFiles/cmTC_1a033.dir/build
make[1]: Entrando no diretório '/home/eduardo/Documents/opengl_shits/learn2/arcball10/opengl_base/build/CMakeFiles/CMakeTmp'

Building C object CMakeFiles/cmTC_1a033.dir/src.c.o
/usr/bin/cc   -DCMAKE_HAVE_LIBC_PTHREAD -o CMakeFiles/cmTC_1a033.dir/src.c.o -c /home/eduardo/Documents/opengl_shits/learn2/arcball10/opengl_base/build/CMakeFiles/CMakeTmp/src.c
Linking C executable cmTC_1a033
/usr/bin/cmake -E cmake_link_script CMakeFiles/cmTC_1a033.dir/link.txt --verbose=1
/usr/bin/cc  -DCMAKE_HAVE_LIBC_PTHREAD CMakeFiles/cmTC_1a033.dir/src.c.o -o cmTC_1a033 
/usr/bin/ld: CMakeFiles/cmTC_1a033.dir/src.c.o: na função "main":
src.c:(.text+0x3e): referência não definida para "pthread_create"
/usr/bin/ld: src.c:(.text+0x4a): referência não definida para "pthread_detach"
/usr/bin/ld: src.c:(.text+0x56): referência não definida para "pthread_cancel"
/usr/bin/ld: src.c:(.text+0x67): referência não definida para "pthread_join"
collect2: error: ld returned 1 exit status
make[1]: *** [CMakeFiles/cmTC_1a033.dir/build.make:106: cmTC_1a033] Erro 1
make[1]: Saindo do diretório '/home/eduardo/Documents/opengl_shits/learn2/arcball10/opengl_base/build/CMakeFiles/CMakeTmp'

make: *** [Makefile:140: cmTC_1a033/fast] Erro 2


Source file was:
#include <pthread.h>

void* test_func(void* data)
{
  return data;
}

int main(void)
{
  pthread_t thread;
  pthread_create(&thread, NULL, test_func, NULL);
  pthread_detach(thread);
  pthread_cancel(thread);
  pthread_join(thread, NULL);
  pthread_atfork(NULL, NULL, NULL);
  pthread_exit(NULL);

  return 0;
}

Determining if the function pthread_create exists in the pthreads failed with the following output:
Change Dir: /home/eduardo/Documents/opengl_shits/learn2/arcball10/opengl_base/build/CMakeFiles/CMakeTmp

Run Build Command(s):/usr/bin/make cmTC_d3f3c/fast && /usr/bin/make  -f CMakeFiles/cmTC_d3f3c.dir/build.make CMakeFiles/cmTC_d3f3c.dir/build
make[1]: Entrando no diretório '/home/eduardo/Documents/opengl_shits/learn2/arcball10/opengl_base/build/CMakeFiles/CMakeTmp'

Building C object CMakeFiles/cmTC_d3f3c.dir/CheckFunctionExists.c.o
/usr/bin/cc   -DCHECK_FUNCTION_EXISTS=pthread_create -o CMakeFiles/cmTC_d3f3c.dir/CheckFunctionExists.c.o -c /usr/share/cmake-3.18/Modules/CheckFunctionExists.c
Linking C executable cmTC_d3f3c
/usr/bin/cmake -E cmake_link_script CMakeFiles/cmTC_d3f3c.dir/link.txt --verbose=1
/usr/bin/cc  -DCHECK_FUNCTION_EXISTS=pthread_create CMakeFiles/cmTC_d3f3c.dir/CheckFunctionExists.c.o -o cmTC_d3f3c  -lpthreads 
/usr/bin/ld: não foi possível localizar -lpthreads
collect2: error: ld returned 1 exit status
make[1]: *** [CMakeFiles/cmTC_d3f3c.dir/build.make:106: cmTC_d3f3c] Erro 1
make[1]: Saindo do diretório '/home/eduardo/Documents/opengl_shits/learn2/arcball10/opengl_base/build/CMakeFiles/CMakeTmp'

make: *** [Makefile:140: cmTC_d3f3c/fast] Erro 2



